{"C:\\Users\\barry\\Desktop\\travelPlanApp\\src\\client\\js\\app.js": {"path":"C:\\Users\\barry\\Desktop\\travelPlanApp\\src\\client\\js\\app.js","statementMap":{"0":{"start":{"line":7,"column":1},"end":{"line":7,"column":19}},"1":{"start":{"line":9,"column":11},"end":{"line":9,"column":19}},"2":{"start":{"line":11,"column":12},"end":{"line":11,"column":24}},"3":{"start":{"line":15,"column":19},"end":{"line":15,"column":56}},"4":{"start":{"line":16,"column":18},"end":{"line":16,"column":54}},"5":{"start":{"line":17,"column":18},"end":{"line":17,"column":25}},"6":{"start":{"line":20,"column":22},"end":{"line":20,"column":70}},"7":{"start":{"line":21,"column":24},"end":{"line":21,"column":58}},"8":{"start":{"line":24,"column":18},"end":{"line":24,"column":45}},"9":{"start":{"line":25,"column":19},"end":{"line":25,"column":55}},"10":{"start":{"line":26,"column":17},"end":{"line":26,"column":24}},"11":{"start":{"line":29,"column":9},"end":{"line":29,"column":19}},"12":{"start":{"line":30,"column":15},"end":{"line":30,"column":75}},"13":{"start":{"line":36,"column":1},"end":{"line":42,"column":4}},"14":{"start":{"line":37,"column":23},"end":{"line":37,"column":58}},"15":{"start":{"line":38,"column":5},"end":{"line":38,"column":56}},"16":{"start":{"line":40,"column":5},"end":{"line":40,"column":54}},"17":{"start":{"line":44,"column":23},"end":{"line":163,"column":2}},"18":{"start":{"line":46,"column":5},"end":{"line":46,"column":24}},"19":{"start":{"line":48,"column":20},"end":{"line":48,"column":62}},"20":{"start":{"line":49,"column":17},"end":{"line":49,"column":59}},"21":{"start":{"line":50,"column":15},"end":{"line":50,"column":58}},"22":{"start":{"line":53,"column":5},"end":{"line":53,"column":13}},"23":{"start":{"line":55,"column":23},"end":{"line":55,"column":43}},"24":{"start":{"line":57,"column":21},"end":{"line":57,"column":48}},"25":{"start":{"line":59,"column":19},"end":{"line":59,"column":44}},"26":{"start":{"line":61,"column":22},"end":{"line":61,"column":66}},"27":{"start":{"line":66,"column":24},"end":{"line":66,"column":78}},"28":{"start":{"line":70,"column":5},"end":{"line":97,"column":11}},"29":{"start":{"line":78,"column":9},"end":{"line":97,"column":11}},"30":{"start":{"line":80,"column":13},"end":{"line":96,"column":14}},"31":{"start":{"line":81,"column":37},"end":{"line":81,"column":54}},"32":{"start":{"line":82,"column":17},"end":{"line":82,"column":69}},"33":{"start":{"line":84,"column":17},"end":{"line":88,"column":23}},"34":{"start":{"line":91,"column":17},"end":{"line":91,"column":83}},"35":{"start":{"line":94,"column":17},"end":{"line":94,"column":60}},"36":{"start":{"line":95,"column":17},"end":{"line":95,"column":111}},"37":{"start":{"line":99,"column":5},"end":{"line":130,"column":11}},"38":{"start":{"line":102,"column":28},"end":{"line":102,"column":51}},"39":{"start":{"line":103,"column":13},"end":{"line":103,"column":56}},"40":{"start":{"line":105,"column":13},"end":{"line":105,"column":64}},"41":{"start":{"line":107,"column":13},"end":{"line":116,"column":19}},"42":{"start":{"line":121,"column":13},"end":{"line":121,"column":81}},"43":{"start":{"line":122,"column":13},"end":{"line":122,"column":71}},"44":{"start":{"line":124,"column":13},"end":{"line":124,"column":74}},"45":{"start":{"line":125,"column":13},"end":{"line":125,"column":69}},"46":{"start":{"line":126,"column":13},"end":{"line":126,"column":69}},"47":{"start":{"line":132,"column":5},"end":{"line":153,"column":8}},"48":{"start":{"line":134,"column":31},"end":{"line":134,"column":51}},"49":{"start":{"line":135,"column":13},"end":{"line":135,"column":39}},"50":{"start":{"line":136,"column":13},"end":{"line":136,"column":62}},"51":{"start":{"line":138,"column":13},"end":{"line":142,"column":19}},"52":{"start":{"line":145,"column":13},"end":{"line":145,"column":96}},"53":{"start":{"line":146,"column":13},"end":{"line":146,"column":84}},"54":{"start":{"line":147,"column":13},"end":{"line":147,"column":82}},"55":{"start":{"line":152,"column":9},"end":{"line":152,"column":38}},"56":{"start":{"line":155,"column":5},"end":{"line":155,"column":32}},"57":{"start":{"line":167,"column":22},"end":{"line":167,"column":65}},"58":{"start":{"line":169,"column":5},"end":{"line":176,"column":6}},"59":{"start":{"line":170,"column":9},"end":{"line":170,"column":28}},"60":{"start":{"line":171,"column":9},"end":{"line":171,"column":21}},"61":{"start":{"line":173,"column":9},"end":{"line":173,"column":31}},"62":{"start":{"line":175,"column":9},"end":{"line":175,"column":22}},"63":{"start":{"line":180,"column":24},"end":{"line":196,"column":2}},"64":{"start":{"line":183,"column":5},"end":{"line":183,"column":31}},"65":{"start":{"line":184,"column":5},"end":{"line":184,"column":85}},"66":{"start":{"line":186,"column":17},"end":{"line":186,"column":39}},"67":{"start":{"line":188,"column":5},"end":{"line":195,"column":6}},"68":{"start":{"line":189,"column":26},"end":{"line":189,"column":42}},"69":{"start":{"line":190,"column":9},"end":{"line":190,"column":42}},"70":{"start":{"line":191,"column":9},"end":{"line":191,"column":25}},"71":{"start":{"line":194,"column":9},"end":{"line":194,"column":42}},"72":{"start":{"line":199,"column":24},"end":{"line":215,"column":2}},"73":{"start":{"line":202,"column":5},"end":{"line":202,"column":27}},"74":{"start":{"line":203,"column":5},"end":{"line":203,"column":73}},"75":{"start":{"line":206,"column":22},"end":{"line":206,"column":46}},"76":{"start":{"line":208,"column":5},"end":{"line":214,"column":6}},"77":{"start":{"line":209,"column":30},"end":{"line":209,"column":51}},"78":{"start":{"line":210,"column":9},"end":{"line":210,"column":53}},"79":{"start":{"line":211,"column":9},"end":{"line":211,"column":29}},"80":{"start":{"line":213,"column":9},"end":{"line":213,"column":54}},"81":{"start":{"line":217,"column":21},"end":{"line":236,"column":2}},"82":{"start":{"line":220,"column":24},"end":{"line":220,"column":40}},"83":{"start":{"line":222,"column":5},"end":{"line":222,"column":27}},"84":{"start":{"line":225,"column":5},"end":{"line":225,"column":74}},"85":{"start":{"line":227,"column":22},"end":{"line":227,"column":43}},"86":{"start":{"line":229,"column":5},"end":{"line":235,"column":6}},"87":{"start":{"line":230,"column":22},"end":{"line":230,"column":43}},"88":{"start":{"line":231,"column":9},"end":{"line":231,"column":27}},"89":{"start":{"line":232,"column":9},"end":{"line":232,"column":21}},"90":{"start":{"line":234,"column":9},"end":{"line":234,"column":33}},"91":{"start":{"line":239,"column":21},"end":{"line":259,"column":2}},"92":{"start":{"line":240,"column":5},"end":{"line":240,"column":43}},"93":{"start":{"line":242,"column":17},"end":{"line":250,"column":7}},"94":{"start":{"line":252,"column":5},"end":{"line":258,"column":6}},"95":{"start":{"line":253,"column":25},"end":{"line":253,"column":41}},"96":{"start":{"line":254,"column":9},"end":{"line":254,"column":30}},"97":{"start":{"line":255,"column":9},"end":{"line":255,"column":24}},"98":{"start":{"line":257,"column":9},"end":{"line":257,"column":28}},"99":{"start":{"line":262,"column":18},"end":{"line":283,"column":2}},"100":{"start":{"line":263,"column":5},"end":{"line":263,"column":23}},"101":{"start":{"line":265,"column":22},"end":{"line":273,"column":7}},"102":{"start":{"line":275,"column":5},"end":{"line":282,"column":6}},"103":{"start":{"line":276,"column":25},"end":{"line":276,"column":46}},"104":{"start":{"line":277,"column":9},"end":{"line":277,"column":30}},"105":{"start":{"line":278,"column":9},"end":{"line":278,"column":24}},"106":{"start":{"line":280,"column":9},"end":{"line":280,"column":37}},"107":{"start":{"line":286,"column":25},"end":{"line":306,"column":2}},"108":{"start":{"line":287,"column":5},"end":{"line":287,"column":31}},"109":{"start":{"line":288,"column":22},"end":{"line":295,"column":7}},"110":{"start":{"line":298,"column":5},"end":{"line":305,"column":6}},"111":{"start":{"line":299,"column":25},"end":{"line":299,"column":46}},"112":{"start":{"line":300,"column":9},"end":{"line":300,"column":30}},"113":{"start":{"line":301,"column":9},"end":{"line":301,"column":24}},"114":{"start":{"line":303,"column":9},"end":{"line":303,"column":37}},"115":{"start":{"line":309,"column":18},"end":{"line":332,"column":2}},"116":{"start":{"line":311,"column":21},"end":{"line":311,"column":40}},"117":{"start":{"line":312,"column":5},"end":{"line":312,"column":30}},"118":{"start":{"line":314,"column":5},"end":{"line":331,"column":6}},"119":{"start":{"line":315,"column":25},"end":{"line":315,"column":45}},"120":{"start":{"line":316,"column":9},"end":{"line":316,"column":44}},"121":{"start":{"line":318,"column":21},"end":{"line":318,"column":39}},"122":{"start":{"line":320,"column":9},"end":{"line":320,"column":71}},"123":{"start":{"line":321,"column":9},"end":{"line":321,"column":71}},"124":{"start":{"line":322,"column":9},"end":{"line":322,"column":73}},"125":{"start":{"line":323,"column":9},"end":{"line":323,"column":83}},"126":{"start":{"line":329,"column":9},"end":{"line":329,"column":37}},"127":{"start":{"line":330,"column":9},"end":{"line":330,"column":48}}},"fnMap":{"0":{"name":"(anonymous_0)","decl":{"start":{"line":36,"column":47},"end":{"line":36,"column":48}},"loc":{"start":{"line":36,"column":53},"end":{"line":42,"column":2}},"line":36},"1":{"name":"performAction","decl":{"start":{"line":44,"column":32},"end":{"line":44,"column":45}},"loc":{"start":{"line":44,"column":49},"end":{"line":163,"column":2}},"line":44},"2":{"name":"(anonymous_2)","decl":{"start":{"line":79,"column":15},"end":{"line":79,"column":16}},"loc":{"start":{"line":79,"column":35},"end":{"line":97,"column":10}},"line":79},"3":{"name":"(anonymous_3)","decl":{"start":{"line":100,"column":15},"end":{"line":100,"column":16}},"loc":{"start":{"line":100,"column":37},"end":{"line":130,"column":10}},"line":100},"4":{"name":"(anonymous_4)","decl":{"start":{"line":133,"column":15},"end":{"line":133,"column":16}},"loc":{"start":{"line":133,"column":38},"end":{"line":149,"column":10}},"line":133},"5":{"name":"(anonymous_5)","decl":{"start":{"line":151,"column":12},"end":{"line":151,"column":13}},"loc":{"start":{"line":151,"column":23},"end":{"line":153,"column":6}},"line":151},"6":{"name":"checkINPUT","decl":{"start":{"line":165,"column":10},"end":{"line":165,"column":20}},"loc":{"start":{"line":165,"column":28},"end":{"line":177,"column":2}},"line":165},"7":{"name":"(anonymous_7)","decl":{"start":{"line":180,"column":24},"end":{"line":180,"column":25}},"loc":{"start":{"line":180,"column":35},"end":{"line":196,"column":2}},"line":180},"8":{"name":"(anonymous_8)","decl":{"start":{"line":199,"column":24},"end":{"line":199,"column":25}},"loc":{"start":{"line":199,"column":35},"end":{"line":215,"column":2}},"line":199},"9":{"name":"(anonymous_9)","decl":{"start":{"line":217,"column":21},"end":{"line":217,"column":22}},"loc":{"start":{"line":217,"column":32},"end":{"line":236,"column":2}},"line":217},"10":{"name":"(anonymous_10)","decl":{"start":{"line":239,"column":21},"end":{"line":239,"column":22}},"loc":{"start":{"line":239,"column":56},"end":{"line":259,"column":2}},"line":239},"11":{"name":"(anonymous_11)","decl":{"start":{"line":262,"column":18},"end":{"line":262,"column":19}},"loc":{"start":{"line":262,"column":48},"end":{"line":283,"column":2}},"line":262},"12":{"name":"(anonymous_12)","decl":{"start":{"line":286,"column":25},"end":{"line":286,"column":26}},"loc":{"start":{"line":286,"column":63},"end":{"line":306,"column":2}},"line":286},"13":{"name":"(anonymous_13)","decl":{"start":{"line":309,"column":18},"end":{"line":309,"column":19}},"loc":{"start":{"line":309,"column":29},"end":{"line":332,"column":2}},"line":309}},"branchMap":{"0":{"loc":{"start":{"line":70,"column":5},"end":{"line":97,"column":11}},"type":"if","locations":[{"start":{"line":70,"column":5},"end":{"line":97,"column":11}},{"start":{"line":70,"column":5},"end":{"line":97,"column":11}}],"line":70},"1":{"loc":{"start":{"line":80,"column":13},"end":{"line":96,"column":14}},"type":"if","locations":[{"start":{"line":80,"column":13},"end":{"line":96,"column":14}},{"start":{"line":80,"column":13},"end":{"line":96,"column":14}}],"line":80},"2":{"loc":{"start":{"line":169,"column":5},"end":{"line":176,"column":6}},"type":"if","locations":[{"start":{"line":169,"column":5},"end":{"line":176,"column":6}},{"start":{"line":169,"column":5},"end":{"line":176,"column":6}}],"line":169},"3":{"loc":{"start":{"line":239,"column":27},"end":{"line":239,"column":35}},"type":"default-arg","locations":[{"start":{"line":239,"column":33},"end":{"line":239,"column":35}}],"line":239},"4":{"loc":{"start":{"line":239,"column":37},"end":{"line":239,"column":51}},"type":"default-arg","locations":[{"start":{"line":239,"column":49},"end":{"line":239,"column":51}}],"line":239},"5":{"loc":{"start":{"line":262,"column":24},"end":{"line":262,"column":32}},"type":"default-arg","locations":[{"start":{"line":262,"column":30},"end":{"line":262,"column":32}}],"line":262},"6":{"loc":{"start":{"line":262,"column":34},"end":{"line":262,"column":43}},"type":"default-arg","locations":[{"start":{"line":262,"column":41},"end":{"line":262,"column":43}}],"line":262},"7":{"loc":{"start":{"line":286,"column":31},"end":{"line":286,"column":39}},"type":"default-arg","locations":[{"start":{"line":286,"column":37},"end":{"line":286,"column":39}}],"line":286},"8":{"loc":{"start":{"line":286,"column":41},"end":{"line":286,"column":58}},"type":"default-arg","locations":[{"start":{"line":286,"column":56},"end":{"line":286,"column":58}}],"line":286}},"s":{"0":2,"1":2,"2":2,"3":2,"4":2,"5":2,"6":2,"7":2,"8":2,"9":2,"10":2,"11":2,"12":2,"13":2,"14":0,"15":0,"16":0,"17":2,"18":0,"19":0,"20":0,"21":0,"22":0,"23":0,"24":0,"25":0,"26":0,"27":0,"28":0,"29":0,"30":0,"31":0,"32":0,"33":0,"34":0,"35":0,"36":0,"37":0,"38":0,"39":0,"40":0,"41":0,"42":0,"43":0,"44":0,"45":0,"46":0,"47":0,"48":0,"49":0,"50":0,"51":0,"52":0,"53":0,"54":0,"55":0,"56":0,"57":0,"58":0,"59":0,"60":0,"61":0,"62":0,"63":2,"64":0,"65":0,"66":0,"67":0,"68":0,"69":0,"70":0,"71":0,"72":2,"73":0,"74":0,"75":0,"76":0,"77":0,"78":0,"79":0,"80":0,"81":2,"82":0,"83":0,"84":0,"85":0,"86":0,"87":0,"88":0,"89":0,"90":0,"91":2,"92":0,"93":0,"94":0,"95":0,"96":0,"97":0,"98":0,"99":2,"100":0,"101":0,"102":0,"103":0,"104":0,"105":0,"106":0,"107":2,"108":0,"109":0,"110":0,"111":0,"112":0,"113":0,"114":0,"115":2,"116":0,"117":0,"118":0,"119":0,"120":0,"121":0,"122":0,"123":0,"124":0,"125":0,"126":0,"127":0},"f":{"0":0,"1":0,"2":0,"3":0,"4":0,"5":0,"6":0,"7":0,"8":0,"9":0,"10":0,"11":0,"12":0,"13":0},"b":{"0":[0,0],"1":[0,0],"2":[0,0],"3":[0],"4":[0],"5":[0],"6":[0],"7":[0],"8":[0]},"_coverageSchema":"1a1c01bbd47fc00a2c39e90264f33305004495a9","hash":"d1dd4e23c648232f7b3a5028aee1406fe0035853"}
,"C:\\Users\\barry\\Desktop\\travelPlanApp\\src\\client\\js\\formChecker.js": {"path":"C:\\Users\\barry\\Desktop\\travelPlanApp\\src\\client\\js\\formChecker.js","statementMap":{"0":{"start":{"line":3,"column":0},"end":{"line":3,"column":18}},"1":{"start":{"line":7,"column":4},"end":{"line":7,"column":55}},"2":{"start":{"line":11,"column":21},"end":{"line":11,"column":63}},"3":{"start":{"line":14,"column":16},"end":{"line":14,"column":58}},"4":{"start":{"line":16,"column":14},"end":{"line":16,"column":57}},"5":{"start":{"line":18,"column":20},"end":{"line":18,"column":47}},"6":{"start":{"line":19,"column":18},"end":{"line":19,"column":43}},"7":{"start":{"line":22,"column":22},"end":{"line":22,"column":35}},"8":{"start":{"line":24,"column":4},"end":{"line":29,"column":5}},"9":{"start":{"line":25,"column":8},"end":{"line":25,"column":20}},"10":{"start":{"line":27,"column":8},"end":{"line":27,"column":74}},"11":{"start":{"line":28,"column":8},"end":{"line":28,"column":21}}},"fnMap":{"0":{"name":"validateForm","decl":{"start":{"line":5,"column":9},"end":{"line":5,"column":21}},"loc":{"start":{"line":5,"column":29},"end":{"line":31,"column":1}},"line":5}},"branchMap":{"0":{"loc":{"start":{"line":24,"column":4},"end":{"line":29,"column":5}},"type":"if","locations":[{"start":{"line":24,"column":4},"end":{"line":29,"column":5}},{"start":{"line":24,"column":4},"end":{"line":29,"column":5}}],"line":24},"1":{"loc":{"start":{"line":24,"column":8},"end":{"line":24,"column":79}},"type":"binary-expr","locations":[{"start":{"line":24,"column":8},"end":{"line":24,"column":27}},{"start":{"line":24,"column":31},"end":{"line":24,"column":48}},{"start":{"line":24,"column":52},"end":{"line":24,"column":79}}],"line":24}},"s":{"0":2,"1":0,"2":0,"3":0,"4":0,"5":0,"6":0,"7":0,"8":0,"9":0,"10":0,"11":0},"f":{"0":0},"b":{"0":[0,0],"1":[0,0,0]},"_coverageSchema":"1a1c01bbd47fc00a2c39e90264f33305004495a9","hash":"9e827325ed96a0a3f1fd61da6ac02e91a2064553"}
,"C:\\Users\\barry\\Desktop\\travelPlanApp\\src\\client\\js\\tripCountDown.js": {"path":"C:\\Users\\barry\\Desktop\\travelPlanApp\\src\\client\\js\\tripCountDown.js","statementMap":{"0":{"start":{"line":2,"column":0},"end":{"line":2,"column":18}},"1":{"start":{"line":5,"column":4},"end":{"line":5,"column":17}},"2":{"start":{"line":10,"column":22},"end":{"line":10,"column":42}},"3":{"start":{"line":12,"column":20},"end":{"line":12,"column":84}},"4":{"start":{"line":13,"column":18},"end":{"line":13,"column":83}},"5":{"start":{"line":15,"column":16},"end":{"line":15,"column":60}},"6":{"start":{"line":16,"column":15},"end":{"line":16,"column":29}},"7":{"start":{"line":20,"column":4},"end":{"line":20,"column":63}},"8":{"start":{"line":21,"column":4},"end":{"line":21,"column":54}},"9":{"start":{"line":23,"column":4},"end":{"line":23,"column":31}},"10":{"start":{"line":24,"column":4},"end":{"line":24,"column":29}},"11":{"start":{"line":25,"column":4},"end":{"line":25,"column":17}}},"fnMap":{"0":{"name":"sum","decl":{"start":{"line":4,"column":9},"end":{"line":4,"column":12}},"loc":{"start":{"line":4,"column":19},"end":{"line":6,"column":1}},"line":4},"1":{"name":"countdownDates","decl":{"start":{"line":8,"column":9},"end":{"line":8,"column":23}},"loc":{"start":{"line":8,"column":30},"end":{"line":27,"column":1}},"line":8}},"branchMap":{},"s":{"0":3,"1":1,"2":0,"3":0,"4":0,"5":0,"6":0,"7":0,"8":0,"9":0,"10":0,"11":0},"f":{"0":1,"1":0},"b":{},"_coverageSchema":"1a1c01bbd47fc00a2c39e90264f33305004495a9","hash":"b468c0c4f5ac894acdd2ff57a0f44547496ded83"}
}
