{"C:\\Users\\barry\\Desktop\\travelPlanApp\\src\\client\\js\\app.js": {"path":"C:\\Users\\barry\\Desktop\\travelPlanApp\\src\\client\\js\\app.js","statementMap":{"0":{"start":{"line":7,"column":1},"end":{"line":7,"column":19}},"1":{"start":{"line":9,"column":11},"end":{"line":9,"column":19}},"2":{"start":{"line":11,"column":12},"end":{"line":11,"column":24}},"3":{"start":{"line":16,"column":19},"end":{"line":16,"column":56}},"4":{"start":{"line":17,"column":18},"end":{"line":17,"column":54}},"5":{"start":{"line":18,"column":18},"end":{"line":18,"column":25}},"6":{"start":{"line":22,"column":22},"end":{"line":22,"column":70}},"7":{"start":{"line":23,"column":24},"end":{"line":23,"column":58}},"8":{"start":{"line":28,"column":18},"end":{"line":28,"column":45}},"9":{"start":{"line":29,"column":19},"end":{"line":29,"column":55}},"10":{"start":{"line":30,"column":17},"end":{"line":30,"column":24}},"11":{"start":{"line":34,"column":9},"end":{"line":34,"column":19}},"12":{"start":{"line":35,"column":15},"end":{"line":35,"column":75}},"13":{"start":{"line":44,"column":1},"end":{"line":50,"column":4}},"14":{"start":{"line":45,"column":23},"end":{"line":45,"column":58}},"15":{"start":{"line":46,"column":5},"end":{"line":46,"column":56}},"16":{"start":{"line":48,"column":5},"end":{"line":48,"column":54}},"17":{"start":{"line":52,"column":23},"end":{"line":165,"column":2}},"18":{"start":{"line":54,"column":5},"end":{"line":54,"column":24}},"19":{"start":{"line":56,"column":20},"end":{"line":56,"column":62}},"20":{"start":{"line":57,"column":17},"end":{"line":57,"column":59}},"21":{"start":{"line":58,"column":15},"end":{"line":58,"column":58}},"22":{"start":{"line":61,"column":5},"end":{"line":61,"column":13}},"23":{"start":{"line":63,"column":23},"end":{"line":63,"column":45}},"24":{"start":{"line":64,"column":21},"end":{"line":64,"column":50}},"25":{"start":{"line":65,"column":19},"end":{"line":65,"column":46}},"26":{"start":{"line":66,"column":22},"end":{"line":66,"column":66}},"27":{"start":{"line":70,"column":24},"end":{"line":70,"column":78}},"28":{"start":{"line":73,"column":5},"end":{"line":78,"column":6}},"29":{"start":{"line":74,"column":9},"end":{"line":74,"column":20}},"30":{"start":{"line":76,"column":9},"end":{"line":76,"column":27}},"31":{"start":{"line":77,"column":9},"end":{"line":77,"column":22}},"32":{"start":{"line":81,"column":5},"end":{"line":100,"column":11}},"33":{"start":{"line":83,"column":13},"end":{"line":99,"column":14}},"34":{"start":{"line":84,"column":37},"end":{"line":84,"column":54}},"35":{"start":{"line":85,"column":17},"end":{"line":85,"column":69}},"36":{"start":{"line":87,"column":17},"end":{"line":91,"column":23}},"37":{"start":{"line":94,"column":17},"end":{"line":94,"column":83}},"38":{"start":{"line":97,"column":17},"end":{"line":97,"column":60}},"39":{"start":{"line":98,"column":17},"end":{"line":98,"column":111}},"40":{"start":{"line":102,"column":5},"end":{"line":133,"column":11}},"41":{"start":{"line":105,"column":28},"end":{"line":105,"column":51}},"42":{"start":{"line":106,"column":13},"end":{"line":106,"column":56}},"43":{"start":{"line":108,"column":13},"end":{"line":108,"column":64}},"44":{"start":{"line":110,"column":13},"end":{"line":119,"column":19}},"45":{"start":{"line":124,"column":13},"end":{"line":124,"column":81}},"46":{"start":{"line":125,"column":13},"end":{"line":125,"column":71}},"47":{"start":{"line":127,"column":13},"end":{"line":127,"column":74}},"48":{"start":{"line":128,"column":13},"end":{"line":128,"column":69}},"49":{"start":{"line":129,"column":13},"end":{"line":129,"column":69}},"50":{"start":{"line":135,"column":5},"end":{"line":156,"column":8}},"51":{"start":{"line":137,"column":31},"end":{"line":137,"column":51}},"52":{"start":{"line":138,"column":13},"end":{"line":138,"column":39}},"53":{"start":{"line":139,"column":13},"end":{"line":139,"column":62}},"54":{"start":{"line":141,"column":13},"end":{"line":145,"column":19}},"55":{"start":{"line":148,"column":13},"end":{"line":148,"column":96}},"56":{"start":{"line":149,"column":13},"end":{"line":149,"column":84}},"57":{"start":{"line":150,"column":13},"end":{"line":150,"column":82}},"58":{"start":{"line":155,"column":9},"end":{"line":155,"column":38}},"59":{"start":{"line":158,"column":5},"end":{"line":158,"column":32}},"60":{"start":{"line":170,"column":22},"end":{"line":170,"column":65}},"61":{"start":{"line":172,"column":5},"end":{"line":179,"column":6}},"62":{"start":{"line":173,"column":9},"end":{"line":173,"column":28}},"63":{"start":{"line":174,"column":9},"end":{"line":174,"column":21}},"64":{"start":{"line":176,"column":9},"end":{"line":176,"column":31}},"65":{"start":{"line":178,"column":9},"end":{"line":178,"column":22}},"66":{"start":{"line":183,"column":24},"end":{"line":200,"column":2}},"67":{"start":{"line":186,"column":5},"end":{"line":186,"column":31}},"68":{"start":{"line":187,"column":5},"end":{"line":187,"column":85}},"69":{"start":{"line":189,"column":17},"end":{"line":189,"column":39}},"70":{"start":{"line":191,"column":5},"end":{"line":198,"column":6}},"71":{"start":{"line":192,"column":26},"end":{"line":192,"column":42}},"72":{"start":{"line":193,"column":9},"end":{"line":193,"column":42}},"73":{"start":{"line":194,"column":9},"end":{"line":194,"column":25}},"74":{"start":{"line":197,"column":9},"end":{"line":197,"column":42}},"75":{"start":{"line":203,"column":24},"end":{"line":225,"column":2}},"76":{"start":{"line":206,"column":5},"end":{"line":206,"column":27}},"77":{"start":{"line":207,"column":5},"end":{"line":207,"column":73}},"78":{"start":{"line":216,"column":22},"end":{"line":216,"column":46}},"79":{"start":{"line":218,"column":5},"end":{"line":224,"column":6}},"80":{"start":{"line":219,"column":30},"end":{"line":219,"column":51}},"81":{"start":{"line":220,"column":9},"end":{"line":220,"column":53}},"82":{"start":{"line":221,"column":9},"end":{"line":221,"column":29}},"83":{"start":{"line":223,"column":9},"end":{"line":223,"column":54}},"84":{"start":{"line":227,"column":21},"end":{"line":246,"column":2}},"85":{"start":{"line":230,"column":24},"end":{"line":230,"column":40}},"86":{"start":{"line":232,"column":5},"end":{"line":232,"column":27}},"87":{"start":{"line":235,"column":5},"end":{"line":235,"column":74}},"88":{"start":{"line":237,"column":22},"end":{"line":237,"column":43}},"89":{"start":{"line":239,"column":5},"end":{"line":245,"column":6}},"90":{"start":{"line":240,"column":22},"end":{"line":240,"column":43}},"91":{"start":{"line":241,"column":9},"end":{"line":241,"column":27}},"92":{"start":{"line":242,"column":9},"end":{"line":242,"column":21}},"93":{"start":{"line":244,"column":9},"end":{"line":244,"column":33}},"94":{"start":{"line":249,"column":21},"end":{"line":269,"column":2}},"95":{"start":{"line":250,"column":5},"end":{"line":250,"column":43}},"96":{"start":{"line":252,"column":17},"end":{"line":260,"column":7}},"97":{"start":{"line":262,"column":5},"end":{"line":268,"column":6}},"98":{"start":{"line":263,"column":25},"end":{"line":263,"column":41}},"99":{"start":{"line":264,"column":9},"end":{"line":264,"column":30}},"100":{"start":{"line":265,"column":9},"end":{"line":265,"column":24}},"101":{"start":{"line":267,"column":9},"end":{"line":267,"column":28}},"102":{"start":{"line":288,"column":18},"end":{"line":309,"column":2}},"103":{"start":{"line":289,"column":5},"end":{"line":289,"column":23}},"104":{"start":{"line":291,"column":22},"end":{"line":299,"column":7}},"105":{"start":{"line":301,"column":5},"end":{"line":308,"column":6}},"106":{"start":{"line":302,"column":25},"end":{"line":302,"column":46}},"107":{"start":{"line":303,"column":9},"end":{"line":303,"column":30}},"108":{"start":{"line":304,"column":9},"end":{"line":304,"column":24}},"109":{"start":{"line":306,"column":9},"end":{"line":306,"column":37}},"110":{"start":{"line":312,"column":25},"end":{"line":332,"column":2}},"111":{"start":{"line":313,"column":5},"end":{"line":313,"column":31}},"112":{"start":{"line":314,"column":22},"end":{"line":321,"column":7}},"113":{"start":{"line":324,"column":5},"end":{"line":331,"column":6}},"114":{"start":{"line":325,"column":25},"end":{"line":325,"column":46}},"115":{"start":{"line":326,"column":9},"end":{"line":326,"column":30}},"116":{"start":{"line":327,"column":9},"end":{"line":327,"column":24}},"117":{"start":{"line":329,"column":9},"end":{"line":329,"column":37}},"118":{"start":{"line":335,"column":18},"end":{"line":358,"column":6}},"119":{"start":{"line":337,"column":25},"end":{"line":337,"column":44}},"120":{"start":{"line":338,"column":9},"end":{"line":338,"column":34}},"121":{"start":{"line":340,"column":9},"end":{"line":357,"column":10}},"122":{"start":{"line":341,"column":29},"end":{"line":341,"column":49}},"123":{"start":{"line":342,"column":13},"end":{"line":342,"column":48}},"124":{"start":{"line":344,"column":25},"end":{"line":344,"column":43}},"125":{"start":{"line":346,"column":13},"end":{"line":346,"column":75}},"126":{"start":{"line":347,"column":13},"end":{"line":347,"column":75}},"127":{"start":{"line":348,"column":13},"end":{"line":348,"column":77}},"128":{"start":{"line":349,"column":13},"end":{"line":349,"column":87}},"129":{"start":{"line":355,"column":13},"end":{"line":355,"column":41}},"130":{"start":{"line":356,"column":13},"end":{"line":356,"column":52}}},"fnMap":{"0":{"name":"(anonymous_0)","decl":{"start":{"line":44,"column":47},"end":{"line":44,"column":48}},"loc":{"start":{"line":44,"column":53},"end":{"line":50,"column":2}},"line":44},"1":{"name":"performAction","decl":{"start":{"line":52,"column":32},"end":{"line":52,"column":45}},"loc":{"start":{"line":52,"column":49},"end":{"line":165,"column":2}},"line":52},"2":{"name":"(anonymous_2)","decl":{"start":{"line":82,"column":15},"end":{"line":82,"column":16}},"loc":{"start":{"line":82,"column":35},"end":{"line":100,"column":10}},"line":82},"3":{"name":"(anonymous_3)","decl":{"start":{"line":103,"column":15},"end":{"line":103,"column":16}},"loc":{"start":{"line":103,"column":37},"end":{"line":133,"column":10}},"line":103},"4":{"name":"(anonymous_4)","decl":{"start":{"line":136,"column":15},"end":{"line":136,"column":16}},"loc":{"start":{"line":136,"column":38},"end":{"line":152,"column":10}},"line":136},"5":{"name":"(anonymous_5)","decl":{"start":{"line":154,"column":12},"end":{"line":154,"column":13}},"loc":{"start":{"line":154,"column":23},"end":{"line":156,"column":6}},"line":154},"6":{"name":"checkINPUT","decl":{"start":{"line":167,"column":10},"end":{"line":167,"column":20}},"loc":{"start":{"line":167,"column":28},"end":{"line":180,"column":2}},"line":167},"7":{"name":"(anonymous_7)","decl":{"start":{"line":183,"column":24},"end":{"line":183,"column":25}},"loc":{"start":{"line":183,"column":35},"end":{"line":200,"column":2}},"line":183},"8":{"name":"(anonymous_8)","decl":{"start":{"line":203,"column":24},"end":{"line":203,"column":25}},"loc":{"start":{"line":203,"column":35},"end":{"line":225,"column":2}},"line":203},"9":{"name":"(anonymous_9)","decl":{"start":{"line":227,"column":21},"end":{"line":227,"column":22}},"loc":{"start":{"line":227,"column":32},"end":{"line":246,"column":2}},"line":227},"10":{"name":"(anonymous_10)","decl":{"start":{"line":249,"column":21},"end":{"line":249,"column":22}},"loc":{"start":{"line":249,"column":56},"end":{"line":269,"column":2}},"line":249},"11":{"name":"(anonymous_11)","decl":{"start":{"line":288,"column":18},"end":{"line":288,"column":19}},"loc":{"start":{"line":288,"column":48},"end":{"line":309,"column":2}},"line":288},"12":{"name":"(anonymous_12)","decl":{"start":{"line":312,"column":25},"end":{"line":312,"column":26}},"loc":{"start":{"line":312,"column":63},"end":{"line":332,"column":2}},"line":312},"13":{"name":"(anonymous_13)","decl":{"start":{"line":335,"column":18},"end":{"line":335,"column":19}},"loc":{"start":{"line":335,"column":29},"end":{"line":358,"column":6}},"line":335}},"branchMap":{"0":{"loc":{"start":{"line":73,"column":5},"end":{"line":78,"column":6}},"type":"if","locations":[{"start":{"line":73,"column":5},"end":{"line":78,"column":6}},{"start":{"line":73,"column":5},"end":{"line":78,"column":6}}],"line":73},"1":{"loc":{"start":{"line":83,"column":13},"end":{"line":99,"column":14}},"type":"if","locations":[{"start":{"line":83,"column":13},"end":{"line":99,"column":14}},{"start":{"line":83,"column":13},"end":{"line":99,"column":14}}],"line":83},"2":{"loc":{"start":{"line":172,"column":5},"end":{"line":179,"column":6}},"type":"if","locations":[{"start":{"line":172,"column":5},"end":{"line":179,"column":6}},{"start":{"line":172,"column":5},"end":{"line":179,"column":6}}],"line":172},"3":{"loc":{"start":{"line":249,"column":27},"end":{"line":249,"column":35}},"type":"default-arg","locations":[{"start":{"line":249,"column":33},"end":{"line":249,"column":35}}],"line":249},"4":{"loc":{"start":{"line":249,"column":37},"end":{"line":249,"column":51}},"type":"default-arg","locations":[{"start":{"line":249,"column":49},"end":{"line":249,"column":51}}],"line":249},"5":{"loc":{"start":{"line":288,"column":24},"end":{"line":288,"column":32}},"type":"default-arg","locations":[{"start":{"line":288,"column":30},"end":{"line":288,"column":32}}],"line":288},"6":{"loc":{"start":{"line":288,"column":34},"end":{"line":288,"column":43}},"type":"default-arg","locations":[{"start":{"line":288,"column":41},"end":{"line":288,"column":43}}],"line":288},"7":{"loc":{"start":{"line":312,"column":31},"end":{"line":312,"column":39}},"type":"default-arg","locations":[{"start":{"line":312,"column":37},"end":{"line":312,"column":39}}],"line":312},"8":{"loc":{"start":{"line":312,"column":41},"end":{"line":312,"column":58}},"type":"default-arg","locations":[{"start":{"line":312,"column":56},"end":{"line":312,"column":58}}],"line":312}},"s":{"0":2,"1":2,"2":2,"3":2,"4":2,"5":2,"6":2,"7":2,"8":2,"9":2,"10":2,"11":2,"12":2,"13":2,"14":0,"15":0,"16":0,"17":2,"18":0,"19":0,"20":0,"21":0,"22":0,"23":0,"24":0,"25":0,"26":0,"27":0,"28":0,"29":0,"30":0,"31":0,"32":0,"33":0,"34":0,"35":0,"36":0,"37":0,"38":0,"39":0,"40":0,"41":0,"42":0,"43":0,"44":0,"45":0,"46":0,"47":0,"48":0,"49":0,"50":0,"51":0,"52":0,"53":0,"54":0,"55":0,"56":0,"57":0,"58":0,"59":0,"60":0,"61":0,"62":0,"63":0,"64":0,"65":0,"66":2,"67":0,"68":0,"69":0,"70":0,"71":0,"72":0,"73":0,"74":0,"75":2,"76":0,"77":0,"78":0,"79":0,"80":0,"81":0,"82":0,"83":0,"84":2,"85":0,"86":0,"87":0,"88":0,"89":0,"90":0,"91":0,"92":0,"93":0,"94":2,"95":0,"96":0,"97":0,"98":0,"99":0,"100":0,"101":0,"102":2,"103":0,"104":0,"105":0,"106":0,"107":0,"108":0,"109":0,"110":2,"111":0,"112":0,"113":0,"114":0,"115":0,"116":0,"117":0,"118":2,"119":0,"120":0,"121":0,"122":0,"123":0,"124":0,"125":0,"126":0,"127":0,"128":0,"129":0,"130":0},"f":{"0":0,"1":0,"2":0,"3":0,"4":0,"5":0,"6":0,"7":0,"8":0,"9":0,"10":0,"11":0,"12":0,"13":0},"b":{"0":[0,0],"1":[0,0],"2":[0,0],"3":[0],"4":[0],"5":[0],"6":[0],"7":[0],"8":[0]},"_coverageSchema":"1a1c01bbd47fc00a2c39e90264f33305004495a9","hash":"0d14d5e270f3c81a52451d31169a80592338ee58"}
,"C:\\Users\\barry\\Desktop\\travelPlanApp\\src\\client\\js\\formChecker.js": {"path":"C:\\Users\\barry\\Desktop\\travelPlanApp\\src\\client\\js\\formChecker.js","statementMap":{"0":{"start":{"line":3,"column":0},"end":{"line":3,"column":18}},"1":{"start":{"line":7,"column":4},"end":{"line":7,"column":55}},"2":{"start":{"line":9,"column":12},"end":{"line":9,"column":20}},"3":{"start":{"line":11,"column":21},"end":{"line":11,"column":63}},"4":{"start":{"line":14,"column":20},"end":{"line":14,"column":86}},"5":{"start":{"line":15,"column":18},"end":{"line":15,"column":85}},"6":{"start":{"line":20,"column":4},"end":{"line":20,"column":24}},"7":{"start":{"line":21,"column":4},"end":{"line":21,"column":22}},"8":{"start":{"line":22,"column":4},"end":{"line":22,"column":62}},"9":{"start":{"line":33,"column":4},"end":{"line":33,"column":55}},"10":{"start":{"line":35,"column":22},"end":{"line":35,"column":35}},"11":{"start":{"line":44,"column":16},"end":{"line":44,"column":39}},"12":{"start":{"line":47,"column":4},"end":{"line":47,"column":32}},"13":{"start":{"line":50,"column":4},"end":{"line":55,"column":5}},"14":{"start":{"line":51,"column":8},"end":{"line":51,"column":20}},"15":{"start":{"line":53,"column":8},"end":{"line":53,"column":39}},"16":{"start":{"line":54,"column":8},"end":{"line":54,"column":21}}},"fnMap":{"0":{"name":"validateForm","decl":{"start":{"line":5,"column":9},"end":{"line":5,"column":21}},"loc":{"start":{"line":5,"column":29},"end":{"line":57,"column":1}},"line":5}},"branchMap":{"0":{"loc":{"start":{"line":50,"column":4},"end":{"line":55,"column":5}},"type":"if","locations":[{"start":{"line":50,"column":4},"end":{"line":55,"column":5}},{"start":{"line":50,"column":4},"end":{"line":55,"column":5}}],"line":50}},"s":{"0":2,"1":0,"2":0,"3":0,"4":0,"5":0,"6":0,"7":0,"8":0,"9":0,"10":0,"11":0,"12":0,"13":0,"14":0,"15":0,"16":0},"f":{"0":0},"b":{"0":[0,0]},"_coverageSchema":"1a1c01bbd47fc00a2c39e90264f33305004495a9","hash":"55c1c1cf2b964e84f6f88d8f588f068e961bb0bc"}
,"C:\\Users\\barry\\Desktop\\travelPlanApp\\src\\client\\js\\tripCountDown.js": {"path":"C:\\Users\\barry\\Desktop\\travelPlanApp\\src\\client\\js\\tripCountDown.js","statementMap":{"0":{"start":{"line":2,"column":0},"end":{"line":2,"column":18}},"1":{"start":{"line":5,"column":4},"end":{"line":5,"column":17}},"2":{"start":{"line":10,"column":22},"end":{"line":10,"column":42}},"3":{"start":{"line":12,"column":20},"end":{"line":12,"column":84}},"4":{"start":{"line":13,"column":18},"end":{"line":13,"column":83}},"5":{"start":{"line":15,"column":16},"end":{"line":15,"column":60}},"6":{"start":{"line":16,"column":15},"end":{"line":16,"column":29}},"7":{"start":{"line":20,"column":4},"end":{"line":20,"column":63}},"8":{"start":{"line":21,"column":4},"end":{"line":21,"column":54}},"9":{"start":{"line":23,"column":4},"end":{"line":23,"column":31}},"10":{"start":{"line":24,"column":4},"end":{"line":24,"column":29}},"11":{"start":{"line":25,"column":4},"end":{"line":25,"column":17}}},"fnMap":{"0":{"name":"sum","decl":{"start":{"line":4,"column":9},"end":{"line":4,"column":12}},"loc":{"start":{"line":4,"column":19},"end":{"line":6,"column":1}},"line":4},"1":{"name":"countdownDates","decl":{"start":{"line":8,"column":9},"end":{"line":8,"column":23}},"loc":{"start":{"line":8,"column":30},"end":{"line":27,"column":1}},"line":8}},"branchMap":{},"s":{"0":3,"1":1,"2":0,"3":0,"4":0,"5":0,"6":0,"7":0,"8":0,"9":0,"10":0,"11":0},"f":{"0":1,"1":0},"b":{},"_coverageSchema":"1a1c01bbd47fc00a2c39e90264f33305004495a9","hash":"b468c0c4f5ac894acdd2ff57a0f44547496ded83"}
}
