TN:
SF:src\client\js\app.js
FN:36,(anonymous_0)
FN:44,performAction
FN:79,(anonymous_2)
FN:100,(anonymous_3)
FN:133,(anonymous_4)
FN:151,(anonymous_5)
FN:165,checkINPUT
FN:180,(anonymous_7)
FN:199,(anonymous_8)
FN:217,(anonymous_9)
FN:239,(anonymous_10)
FN:262,(anonymous_11)
FN:286,(anonymous_12)
FN:309,(anonymous_13)
FNF:14
FNH:0
FNDA:0,(anonymous_0)
FNDA:0,performAction
FNDA:0,(anonymous_2)
FNDA:0,(anonymous_3)
FNDA:0,(anonymous_4)
FNDA:0,(anonymous_5)
FNDA:0,checkINPUT
FNDA:0,(anonymous_7)
FNDA:0,(anonymous_8)
FNDA:0,(anonymous_9)
FNDA:0,(anonymous_10)
FNDA:0,(anonymous_11)
FNDA:0,(anonymous_12)
FNDA:0,(anonymous_13)
DA:7,2
DA:9,2
DA:11,2
DA:15,2
DA:16,2
DA:17,2
DA:20,2
DA:21,2
DA:24,2
DA:25,2
DA:26,2
DA:29,2
DA:30,2
DA:36,2
DA:37,0
DA:38,0
DA:40,0
DA:44,2
DA:46,0
DA:48,0
DA:49,0
DA:50,0
DA:53,0
DA:55,0
DA:57,0
DA:59,0
DA:61,0
DA:66,0
DA:70,0
DA:78,0
DA:80,0
DA:81,0
DA:82,0
DA:84,0
DA:91,0
DA:94,0
DA:95,0
DA:99,0
DA:102,0
DA:103,0
DA:105,0
DA:107,0
DA:121,0
DA:122,0
DA:124,0
DA:125,0
DA:126,0
DA:132,0
DA:134,0
DA:135,0
DA:136,0
DA:138,0
DA:145,0
DA:146,0
DA:147,0
DA:152,0
DA:155,0
DA:167,0
DA:169,0
DA:170,0
DA:171,0
DA:173,0
DA:175,0
DA:180,2
DA:183,0
DA:184,0
DA:186,0
DA:188,0
DA:189,0
DA:190,0
DA:191,0
DA:194,0
DA:199,2
DA:202,0
DA:203,0
DA:206,0
DA:208,0
DA:209,0
DA:210,0
DA:211,0
DA:213,0
DA:217,2
DA:220,0
DA:222,0
DA:225,0
DA:227,0
DA:229,0
DA:230,0
DA:231,0
DA:232,0
DA:234,0
DA:239,2
DA:240,0
DA:242,0
DA:252,0
DA:253,0
DA:254,0
DA:255,0
DA:257,0
DA:262,2
DA:263,0
DA:265,0
DA:275,0
DA:276,0
DA:277,0
DA:278,0
DA:280,0
DA:286,2
DA:287,0
DA:288,0
DA:298,0
DA:299,0
DA:300,0
DA:301,0
DA:303,0
DA:309,2
DA:311,0
DA:312,0
DA:314,0
DA:315,0
DA:316,0
DA:318,0
DA:320,0
DA:321,0
DA:322,0
DA:323,0
DA:329,0
DA:330,0
LF:128
LH:22
BRDA:70,0,0,0
BRDA:70,0,1,0
BRDA:80,1,0,0
BRDA:80,1,1,0
BRDA:169,2,0,0
BRDA:169,2,1,0
BRDA:239,3,0,0
BRDA:239,4,0,0
BRDA:262,5,0,0
BRDA:262,6,0,0
BRDA:286,7,0,0
BRDA:286,8,0,0
BRF:12
BRH:0
end_of_record
TN:
SF:src\client\js\formChecker.js
FN:5,validateForm
FNF:1
FNH:0
FNDA:0,validateForm
DA:3,2
DA:7,0
DA:11,0
DA:14,0
DA:16,0
DA:18,0
DA:19,0
DA:22,0
DA:24,0
DA:25,0
DA:27,0
DA:28,0
LF:12
LH:1
BRDA:24,0,0,0
BRDA:24,0,1,0
BRDA:24,1,0,0
BRDA:24,1,1,0
BRDA:24,1,2,0
BRF:5
BRH:0
end_of_record
TN:
SF:src\client\js\tripCountDown.js
FN:4,sum
FN:8,countdownDates
FNF:2
FNH:1
FNDA:1,sum
FNDA:0,countdownDates
DA:2,3
DA:5,1
DA:10,0
DA:12,0
DA:13,0
DA:15,0
DA:16,0
DA:20,0
DA:21,0
DA:23,0
DA:24,0
DA:25,0
LF:12
LH:2
BRF:0
BRH:0
end_of_record
