TN:
SF:src\client\js\app.js
FN:44,(anonymous_0)
FN:52,performAction
FN:82,(anonymous_2)
FN:103,(anonymous_3)
FN:136,(anonymous_4)
FN:154,(anonymous_5)
FN:167,checkINPUT
FN:183,(anonymous_7)
FN:203,(anonymous_8)
FN:227,(anonymous_9)
FN:249,(anonymous_10)
FN:288,(anonymous_11)
FN:312,(anonymous_12)
FN:335,(anonymous_13)
FNF:14
FNH:0
FNDA:0,(anonymous_0)
FNDA:0,performAction
FNDA:0,(anonymous_2)
FNDA:0,(anonymous_3)
FNDA:0,(anonymous_4)
FNDA:0,(anonymous_5)
FNDA:0,checkINPUT
FNDA:0,(anonymous_7)
FNDA:0,(anonymous_8)
FNDA:0,(anonymous_9)
FNDA:0,(anonymous_10)
FNDA:0,(anonymous_11)
FNDA:0,(anonymous_12)
FNDA:0,(anonymous_13)
DA:7,2
DA:9,2
DA:11,2
DA:16,2
DA:17,2
DA:18,2
DA:22,2
DA:23,2
DA:28,2
DA:29,2
DA:30,2
DA:34,2
DA:35,2
DA:44,2
DA:45,0
DA:46,0
DA:48,0
DA:52,2
DA:54,0
DA:56,0
DA:57,0
DA:58,0
DA:61,0
DA:63,0
DA:64,0
DA:65,0
DA:66,0
DA:70,0
DA:73,0
DA:74,0
DA:76,0
DA:77,0
DA:81,0
DA:83,0
DA:84,0
DA:85,0
DA:87,0
DA:94,0
DA:97,0
DA:98,0
DA:102,0
DA:105,0
DA:106,0
DA:108,0
DA:110,0
DA:124,0
DA:125,0
DA:127,0
DA:128,0
DA:129,0
DA:135,0
DA:137,0
DA:138,0
DA:139,0
DA:141,0
DA:148,0
DA:149,0
DA:150,0
DA:155,0
DA:158,0
DA:170,0
DA:172,0
DA:173,0
DA:174,0
DA:176,0
DA:178,0
DA:183,2
DA:186,0
DA:187,0
DA:189,0
DA:191,0
DA:192,0
DA:193,0
DA:194,0
DA:197,0
DA:203,2
DA:206,0
DA:207,0
DA:216,0
DA:218,0
DA:219,0
DA:220,0
DA:221,0
DA:223,0
DA:227,2
DA:230,0
DA:232,0
DA:235,0
DA:237,0
DA:239,0
DA:240,0
DA:241,0
DA:242,0
DA:244,0
DA:249,2
DA:250,0
DA:252,0
DA:262,0
DA:263,0
DA:264,0
DA:265,0
DA:267,0
DA:288,2
DA:289,0
DA:291,0
DA:301,0
DA:302,0
DA:303,0
DA:304,0
DA:306,0
DA:312,2
DA:313,0
DA:314,0
DA:324,0
DA:325,0
DA:326,0
DA:327,0
DA:329,0
DA:335,2
DA:337,0
DA:338,0
DA:340,0
DA:341,0
DA:342,0
DA:344,0
DA:346,0
DA:347,0
DA:348,0
DA:349,0
DA:355,0
DA:356,0
LF:131
LH:22
BRDA:73,0,0,0
BRDA:73,0,1,0
BRDA:83,1,0,0
BRDA:83,1,1,0
BRDA:172,2,0,0
BRDA:172,2,1,0
BRDA:249,3,0,0
BRDA:249,4,0,0
BRDA:288,5,0,0
BRDA:288,6,0,0
BRDA:312,7,0,0
BRDA:312,8,0,0
BRF:12
BRH:0
end_of_record
TN:
SF:src\client\js\formChecker.js
FN:5,validateForm
FNF:1
FNH:0
FNDA:0,validateForm
DA:3,2
DA:7,0
DA:9,0
DA:11,0
DA:14,0
DA:15,0
DA:20,0
DA:21,0
DA:22,0
DA:33,0
DA:35,0
DA:44,0
DA:47,0
DA:50,0
DA:51,0
DA:53,0
DA:54,0
LF:17
LH:1
BRDA:50,0,0,0
BRDA:50,0,1,0
BRF:2
BRH:0
end_of_record
TN:
SF:src\client\js\tripCountDown.js
FN:4,sum
FN:8,countdownDates
FNF:2
FNH:1
FNDA:1,sum
FNDA:0,countdownDates
DA:2,3
DA:5,1
DA:10,0
DA:12,0
DA:13,0
DA:15,0
DA:16,0
DA:20,0
DA:21,0
DA:23,0
DA:24,0
DA:25,0
LF:12
LH:2
BRF:0
BRH:0
end_of_record
